<?xml version="1.0" encoding="UTF-8"?>
<!-- Generated by org.testng.reporters.JUnitReportReporter -->
<testsuite hostname="DESKTOP-ORVEKOM" failures="0" tests="5" name="MyTestCases" time="34.402" errors="0" timestamp="2025-07-20T21:22:20 GMT+03:00" skipped="0">
  <testcase classname="MyTestCases" name="MyRegisterTest" time="7.762"/>
  <system-out/>
  <testcase classname="MyTestCases" name="MyLoginTest" time="5.266"/>
  <system-out/>
  <testcase classname="MyTestCases" name="RandomItemTest" time="9.802"/>
  <system-out/>
  <testcase classname="MyTestCases" name="SearchProductTest" time="6.371"/>
  <system-out/>
  <testcase classname="MyTestCases" name="LogoutTest" time="5.201"/>
  <system-out/>
</testsuite> <!-- MyTestCases -->
